<?xml version="1.0" encoding="UTF-8"?>
<testng-results ignored="0" total="1" passed="1" failed="0" skipped="0">
  <reporter-output>
  </reporter-output>
  <suite started-at="2018-12-08T07:21:52Z" name="Default suite" finished-at="2018-12-08T07:21:58Z" duration-ms="5899">
    <groups>
    </groups>
    <test started-at="2018-12-08T07:21:52Z" name="Default test" finished-at="2018-12-08T07:21:58Z" duration-ms="5899">
      <class name="com.syntax.tests.AssignmentTestMaven">
        <test-method is-config="true" signature="launchTest()[pri:0, instance:com.syntax.tests.AssignmentTestMaven@28f2a10f]" started-at="2018-12-08T07:21:52Z" name="launchTest" finished-at="2018-12-08T07:21:56Z" duration-ms="3765" status="PASS">
          <reporter-output>
          </reporter-output>
        </test-method> <!-- launchTest -->
        <test-method signature="testRun()[pri:0, instance:com.syntax.tests.AssignmentTestMaven@28f2a10f]" started-at="2018-12-08T07:21:56Z" name="testRun" finished-at="2018-12-08T07:21:56Z" duration-ms="19" status="PASS">
          <reporter-output>
          </reporter-output>
        </test-method> <!-- testRun -->
        <test-method is-config="true" signature="finish()[pri:0, instance:com.syntax.tests.AssignmentTestMaven@28f2a10f]" started-at="2018-12-08T07:21:56Z" name="finish" finished-at="2018-12-08T07:21:58Z" duration-ms="2084" status="PASS">
          <reporter-output>
          </reporter-output>
        </test-method> <!-- finish -->
      </class> <!-- com.syntax.tests.AssignmentTestMaven -->
    </test> <!-- Default test -->
  </suite> <!-- Default suite -->
</testng-results>
